[2016-11-04 04:34:18] local.ERROR: Symfony\Component\Console\Exception\CommandNotFoundException: Command "migrate:make" is not defined.

Did you mean one of these?
    migrate:reset
    migrate
    migrate:install
    migrate:rollback
    migrate:refresh
    migrate:status in /home/vagrant/RobustWealthPhpTest/vendor/symfony/console/Application.php:536
Stack trace:
#0 /home/vagrant/RobustWealthPhpTest/vendor/symfony/console/Application.php(184): Symfony\Component\Console\Application->find('migrate:make')
#1 /home/vagrant/RobustWealthPhpTest/vendor/symfony/console/Application.php(118): Symfony\Component\Console\Application->doRun(Object(Symfony\Component\Console\Input\ArgvInput), Object(Symfony\Component\Console\Output\ConsoleOutput))
#2 /home/vagrant/RobustWealthPhpTest/vendor/laravel/framework/src/Illuminate/Foundation/Console/Kernel.php(121): Symfony\Component\Console\Application->run(Object(Symfony\Component\Console\Input\ArgvInput), Object(Symfony\Component\Console\Output\ConsoleOutput))
#3 /home/vagrant/RobustWealthPhpTest/artisan(35): Illuminate\Foundation\Console\Kernel->handle(Object(Symfony\Component\Console\Input\ArgvInput), Object(Symfony\Component\Console\Output\ConsoleOutput))
#4 {main}  
[2016-11-04 04:34:57] local.ERROR: Symfony\Component\Console\Exception\CommandNotFoundException: Command "migrate:make" is not defined.

Did you mean one of these?
    migrate:reset
    migrate
    migrate:install
    migrate:rollback
    migrate:refresh
    migrate:status in /home/vagrant/RobustWealthPhpTest/vendor/symfony/console/Application.php:536
Stack trace:
#0 /home/vagrant/RobustWealthPhpTest/vendor/symfony/console/Application.php(184): Symfony\Component\Console\Application->find('migrate:make')
#1 /home/vagrant/RobustWealthPhpTest/vendor/symfony/console/Application.php(118): Symfony\Component\Console\Application->doRun(Object(Symfony\Component\Console\Input\ArgvInput), Object(Symfony\Component\Console\Output\ConsoleOutput))
#2 /home/vagrant/RobustWealthPhpTest/vendor/laravel/framework/src/Illuminate/Foundation/Console/Kernel.php(121): Symfony\Component\Console\Application->run(Object(Symfony\Component\Console\Input\ArgvInput), Object(Symfony\Component\Console\Output\ConsoleOutput))
#3 /home/vagrant/RobustWealthPhpTest/artisan(35): Illuminate\Foundation\Console\Kernel->handle(Object(Symfony\Component\Console\Input\ArgvInput), Object(Symfony\Component\Console\Output\ConsoleOutput))
#4 {main}  
[2016-11-04 04:35:05] local.ERROR: Symfony\Component\Console\Exception\RuntimeException: Too many arguments, expected arguments "command". in /home/vagrant/RobustWealthPhpTest/vendor/symfony/console/Input/ArgvInput.php:184
Stack trace:
#0 /home/vagrant/RobustWealthPhpTest/vendor/symfony/console/Input/ArgvInput.php(88): Symfony\Component\Console\Input\ArgvInput->parseArgument('create_clients_...')
#1 /home/vagrant/RobustWealthPhpTest/vendor/symfony/console/Input/Input.php(62): Symfony\Component\Console\Input\ArgvInput->parse()
#2 /home/vagrant/RobustWealthPhpTest/vendor/symfony/console/Command/Command.php(221): Symfony\Component\Console\Input\Input->bind(Object(Symfony\Component\Console\Input\InputDefinition))
#3 /home/vagrant/RobustWealthPhpTest/vendor/laravel/framework/src/Illuminate/Console/Command.php(155): Symfony\Component\Console\Command\Command->run(Object(Symfony\Component\Console\Input\ArgvInput), Object(Symfony\Component\Console\Output\ConsoleOutput))
#4 /home/vagrant/RobustWealthPhpTest/vendor/symfony/console/Application.php(820): Illuminate\Console\Command->run(Object(Symfony\Component\Console\Input\ArgvInput), Object(Symfony\Component\Console\Output\ConsoleOutput))
#5 /home/vagrant/RobustWealthPhpTest/vendor/symfony/console/Application.php(187): Symfony\Component\Console\Application->doRunCommand(Object(Illuminate\Database\Console\Migrations\InstallCommand), Object(Symfony\Component\Console\Input\ArgvInput), Object(Symfony\Component\Console\Output\ConsoleOutput))
#6 /home/vagrant/RobustWealthPhpTest/vendor/symfony/console/Application.php(118): Symfony\Component\Console\Application->doRun(Object(Symfony\Component\Console\Input\ArgvInput), Object(Symfony\Component\Console\Output\ConsoleOutput))
#7 /home/vagrant/RobustWealthPhpTest/vendor/laravel/framework/src/Illuminate/Foundation/Console/Kernel.php(121): Symfony\Component\Console\Application->run(Object(Symfony\Component\Console\Input\ArgvInput), Object(Symfony\Component\Console\Output\ConsoleOutput))
#8 /home/vagrant/RobustWealthPhpTest/artisan(35): Illuminate\Foundation\Console\Kernel->handle(Object(Symfony\Component\Console\Input\ArgvInput), Object(Symfony\Component\Console\Output\ConsoleOutput))
#9 {main}  
[2016-11-04 19:21:16] production.ERROR: RuntimeException: The only supported ciphers are AES-128-CBC and AES-256-CBC with the correct key lengths. in /home/victorpupim/projects/rwPhpTest/vendor/laravel/framework/src/Illuminate/Encryption/Encrypter.php:43
Stack trace:
#0 /home/victorpupim/projects/rwPhpTest/vendor/laravel/framework/src/Illuminate/Encryption/EncryptionServiceProvider.php(27): Illuminate\Encryption\Encrypter->__construct('', 'AES-256-CBC')
#1 /home/victorpupim/projects/rwPhpTest/vendor/laravel/framework/src/Illuminate/Container/Container.php(746): Illuminate\Encryption\EncryptionServiceProvider->Illuminate\Encryption\{closure}(Object(Illuminate\Foundation\Application), Array)
#2 /home/victorpupim/projects/rwPhpTest/vendor/laravel/framework/src/Illuminate/Container/Container.php(644): Illuminate\Container\Container->build(Object(Closure), Array)
#3 /home/victorpupim/projects/rwPhpTest/vendor/laravel/framework/src/Illuminate/Foundation/Application.php(709): Illuminate\Container\Container->make('encrypter', Array)
#4 /home/victorpupim/projects/rwPhpTest/vendor/laravel/framework/src/Illuminate/Container/Container.php(864): Illuminate\Foundation\Application->make('encrypter')
#5 /home/victorpupim/projects/rwPhpTest/vendor/laravel/framework/src/Illuminate/Container/Container.php(819): Illuminate\Container\Container->resolveClass(Object(ReflectionParameter))
#6 /home/victorpupim/projects/rwPhpTest/vendor/laravel/framework/src/Illuminate/Container/Container.php(788): Illuminate\Container\Container->getDependencies(Array, Array)
#7 /home/victorpupim/projects/rwPhpTest/vendor/laravel/framework/src/Illuminate/Container/Container.php(644): Illuminate\Container\Container->build('App\\Http\\Middle...', Array)
#8 /home/victorpupim/projects/rwPhpTest/vendor/laravel/framework/src/Illuminate/Foundation/Application.php(709): Illuminate\Container\Container->make('App\\Http\\Middle...', Array)
#9 /home/victorpupim/projects/rwPhpTest/vendor/laravel/framework/src/Illuminate/Pipeline/Pipeline.php(127): Illuminate\Foundation\Application->make('App\\Http\\Middle...')
#10 /home/victorpupim/projects/rwPhpTest/vendor/laravel/framework/src/Illuminate/Routing/Pipeline.php(33): Illuminate\Pipeline\Pipeline->Illuminate\Pipeline\{closure}(Object(Illuminate\Http\Request))
#11 /home/victorpupim/projects/rwPhpTest/vendor/laravel/framework/src/Illuminate/Pipeline/Pipeline.php(104): Illuminate\Routing\Pipeline->Illuminate\Routing\{closure}(Object(Illuminate\Http\Request))
#12 /home/victorpupim/projects/rwPhpTest/vendor/laravel/framework/src/Illuminate/Routing/Router.php(644): Illuminate\Pipeline\Pipeline->then(Object(Closure))
#13 /home/victorpupim/projects/rwPhpTest/vendor/laravel/framework/src/Illuminate/Routing/Router.php(618): Illuminate\Routing\Router->runRouteWithinStack(Object(Illuminate\Routing\Route), Object(Illuminate\Http\Request))
#14 /home/victorpupim/projects/rwPhpTest/vendor/laravel/framework/src/Illuminate/Routing/Router.php(596): Illuminate\Routing\Router->dispatchToRoute(Object(Illuminate\Http\Request))
#15 /home/victorpupim/projects/rwPhpTest/vendor/laravel/framework/src/Illuminate/Foundation/Http/Kernel.php(267): Illuminate\Routing\Router->dispatch(Object(Illuminate\Http\Request))
#16 /home/victorpupim/projects/rwPhpTest/vendor/laravel/framework/src/Illuminate/Routing/Pipeline.php(53): Illuminate\Foundation\Http\Kernel->Illuminate\Foundation\Http\{closure}(Object(Illuminate\Http\Request))
#17 /home/victorpupim/projects/rwPhpTest/vendor/laravel/framework/src/Illuminate/Foundation/Http/Middleware/CheckForMaintenanceMode.php(46): Illuminate\Routing\Pipeline->Illuminate\Routing\{closure}(Object(Illuminate\Http\Request))
#18 /home/victorpupim/projects/rwPhpTest/vendor/laravel/framework/src/Illuminate/Pipeline/Pipeline.php(137): Illuminate\Foundation\Http\Middleware\CheckForMaintenanceMode->handle(Object(Illuminate\Http\Request), Object(Closure))
#19 /home/victorpupim/projects/rwPhpTest/vendor/laravel/framework/src/Illuminate/Routing/Pipeline.php(33): Illuminate\Pipeline\Pipeline->Illuminate\Pipeline\{closure}(Object(Illuminate\Http\Request))
#20 /home/victorpupim/projects/rwPhpTest/vendor/laravel/framework/src/Illuminate/Pipeline/Pipeline.php(104): Illuminate\Routing\Pipeline->Illuminate\Routing\{closure}(Object(Illuminate\Http\Request))
#21 /home/victorpupim/projects/rwPhpTest/vendor/laravel/framework/src/Illuminate/Foundation/Http/Kernel.php(149): Illuminate\Pipeline\Pipeline->then(Object(Closure))
#22 /home/victorpupim/projects/rwPhpTest/vendor/laravel/framework/src/Illuminate/Foundation/Http/Kernel.php(116): Illuminate\Foundation\Http\Kernel->sendRequestThroughRouter(Object(Illuminate\Http\Request))
#23 /home/victorpupim/projects/rwPhpTest/public/index.php(53): Illuminate\Foundation\Http\Kernel->handle(Object(Illuminate\Http\Request))
#24 /home/victorpupim/projects/rwPhpTest/server.php(21): require_once('/home/victorpup...')
#25 {main}  
[2016-11-04 19:21:16] production.ERROR: RuntimeException: The only supported ciphers are AES-128-CBC and AES-256-CBC with the correct key lengths. in /home/victorpupim/projects/rwPhpTest/vendor/laravel/framework/src/Illuminate/Encryption/Encrypter.php:43
Stack trace:
#0 /home/victorpupim/projects/rwPhpTest/vendor/laravel/framework/src/Illuminate/Encryption/EncryptionServiceProvider.php(27): Illuminate\Encryption\Encrypter->__construct('', 'AES-256-CBC')
#1 /home/victorpupim/projects/rwPhpTest/vendor/laravel/framework/src/Illuminate/Container/Container.php(746): Illuminate\Encryption\EncryptionServiceProvider->Illuminate\Encryption\{closure}(Object(Illuminate\Foundation\Application), Array)
#2 /home/victorpupim/projects/rwPhpTest/vendor/laravel/framework/src/Illuminate/Container/Container.php(644): Illuminate\Container\Container->build(Object(Closure), Array)
#3 /home/victorpupim/projects/rwPhpTest/vendor/laravel/framework/src/Illuminate/Foundation/Application.php(709): Illuminate\Container\Container->make('encrypter', Array)
#4 /home/victorpupim/projects/rwPhpTest/vendor/laravel/framework/src/Illuminate/Container/Container.php(864): Illuminate\Foundation\Application->make('encrypter')
#5 /home/victorpupim/projects/rwPhpTest/vendor/laravel/framework/src/Illuminate/Container/Container.php(819): Illuminate\Container\Container->resolveClass(Object(ReflectionParameter))
#6 /home/victorpupim/projects/rwPhpTest/vendor/laravel/framework/src/Illuminate/Container/Container.php(788): Illuminate\Container\Container->getDependencies(Array, Array)
#7 /home/victorpupim/projects/rwPhpTest/vendor/laravel/framework/src/Illuminate/Container/Container.php(644): Illuminate\Container\Container->build('App\\Http\\Middle...', Array)
#8 /home/victorpupim/projects/rwPhpTest/vendor/laravel/framework/src/Illuminate/Foundation/Application.php(709): Illuminate\Container\Container->make('App\\Http\\Middle...', Array)
#9 /home/victorpupim/projects/rwPhpTest/vendor/laravel/framework/src/Illuminate/Foundation/Http/Kernel.php(173): Illuminate\Foundation\Application->make('App\\Http\\Middle...')
#10 /home/victorpupim/projects/rwPhpTest/public/index.php(58): Illuminate\Foundation\Http\Kernel->terminate(Object(Illuminate\Http\Request), Object(Illuminate\Http\Response))
#11 /home/victorpupim/projects/rwPhpTest/server.php(21): require_once('/home/victorpup...')
#12 {main}  
